2024-11-14 13:11:50,642 - INFO - 초단기 매매 전략 시작
2024-11-14 13:12:13,255 - INFO - KRW-WAVES 매도 실행 - 트렌드: bear, 수익 실현
2024-11-14 13:12:13,349 - INFO - 매도 완료 - 티커: KRW-WAVES, 결과: 18.23원, 수익률: 0.33%
2024-11-14 13:12:25,718 - INFO - 매수할 코인: KRW-WAVES
2024-11-14 13:12:25,816 - INFO - 매수 완료 - 티커: KRW-WAVES
2024-11-14 13:13:53,669 - INFO - KRW-BORA 매도 실행 - 트렌드: bull, 수익 실현
2024-11-14 13:13:53,754 - INFO - 매도 완료 - 티커: KRW-BORA, 결과: 38.01원, 수익률: 0.69%
2024-11-14 13:13:56,157 - INFO - 매수할 코인: KRW-ETH
2024-11-14 13:13:56,244 - INFO - 매수 완료 - 티커: KRW-ETH
2024-11-14 13:14:49,390 - INFO - KRW-GRT 매도 실행 - 트렌드: bull, 수익 실현
2024-11-14 13:14:49,491 - INFO - 매도 완료 - 티커: KRW-GRT, 결과: 64.96원, 수익률: 1.18%
2024-11-14 13:14:53,203 - INFO - 매수할 코인: KRW-TAIKO
2024-11-14 13:14:53,311 - INFO - 매수 완료 - 티커: KRW-TAIKO
2024-11-14 13:15:34,113 - INFO - KRW-ENS 매도 실행 - 트렌드: bull, 수익 실현
2024-11-14 13:15:34,220 - INFO - 매도 완료 - 티커: KRW-ENS, 결과: 37.99원, 수익률: 0.69%
2024-11-14 13:15:39,391 - INFO - 매수할 코인: KRW-ARB
2024-11-14 13:15:39,482 - INFO - 매수 완료 - 티커: KRW-ARB
2024-11-14 13:16:52,328 - INFO - KRW-SUI 매도 실행 - 트렌드: bear, 수익 실현
2024-11-14 13:16:52,423 - INFO - 매도 완료 - 티커: KRW-SUI, 결과: 23.02원, 수익률: 0.42%
2024-11-14 13:17:18,392 - INFO - 매수할 코인: KRW-LSK
2024-11-14 13:17:18,495 - INFO - 매수 완료 - 티커: KRW-LSK
2024-11-14 13:17:25,871 - INFO - KRW-AKT 매도 실행 - 트렌드: bull, 수익 실현
2024-11-14 13:17:25,945 - INFO - 매도 완료 - 티커: KRW-AKT, 결과: 43.87원, 수익률: 0.80%
2024-11-14 13:17:31,184 - INFO - 매수할 코인: KRW-ZRO
2024-11-14 13:17:31,284 - INFO - 매수 완료 - 티커: KRW-ZRO
2024-11-14 13:17:59,387 - INFO - KRW-ONDO 매도 실행 - 트렌드: bull, 수익 실현
2024-11-14 13:17:59,470 - INFO - 매도 완료 - 티커: KRW-ONDO, 결과: 44.64원, 수익률: 0.81%
2024-11-14 13:18:10,613 - INFO - KRW-BLAST 매도 실행 - 트렌드: bull, 수익 실현
2024-11-14 13:18:10,711 - INFO - 매도 완료 - 티커: KRW-BLAST, 결과: 43.62원, 수익률: 0.79%
2024-11-14 13:18:18,432 - INFO - 매수할 코인: KRW-JUP
2024-11-14 13:18:18,534 - INFO - 매수 완료 - 티커: KRW-JUP
2024-11-14 13:18:18,650 - INFO - 매수할 코인: KRW-BLAST
2024-11-14 13:18:18,752 - INFO - 매수 완료 - 티커: KRW-BLAST
2024-11-14 13:20:46,849 - INFO - KRW-STEEM 매도 실행 - 트렌드: bull, 수익 실현
2024-11-14 13:20:46,950 - INFO - 매도 완료 - 티커: KRW-STEEM, 결과: 28.81원, 수익률: 0.52%
2024-11-14 13:21:09,232 - INFO - KRW-BTG 매도 실행 - 트렌드: bear, 손절
2024-11-14 13:21:09,319 - INFO - 매도 완료 - 티커: KRW-BTG, 결과: -57.51원, 수익률: -1.05%
2024-11-14 13:21:44,994 - INFO - 매수할 코인: KRW-MNT
2024-11-14 13:21:45,101 - INFO - 매수 완료 - 티커: KRW-MNT
2024-11-14 13:21:57,883 - INFO - 매수할 코인: KRW-GMT
2024-11-14 13:21:57,984 - INFO - 매수 완료 - 티커: KRW-GMT
2024-11-14 13:22:04,891 - INFO - KRW-AUCTION 매도 실행 - 트렌드: bull, 수익 실현
2024-11-14 13:22:05,004 - INFO - 매도 완료 - 티커: KRW-AUCTION, 결과: 33.27원, 수익률: 0.60%
2024-11-14 13:22:10,926 - INFO - 매수할 코인: KRW-SUI
2024-11-14 13:22:11,025 - INFO - 매수 완료 - 티커: KRW-SUI
2024-11-14 13:23:11,938 - INFO - KRW-APT 매도 실행 - 트렌드: bull, 수익 실현
2024-11-14 13:23:12,043 - INFO - 매도 완료 - 티커: KRW-APT, 결과: 43.02원, 수익률: 0.78%
2024-11-14 13:23:19,199 - INFO - 매수할 코인: KRW-SHIB
2024-11-14 13:23:19,293 - INFO - 매수 완료 - 티커: KRW-SHIB
2024-11-14 13:24:41,306 - INFO - KRW-TAIKO 매도 실행 - 트렌드: bear, 수익 실현
2024-11-14 13:24:41,417 - INFO - 매도 완료 - 티커: KRW-TAIKO, 결과: 18.64원, 수익률: 0.34%
2024-11-14 13:25:02,382 - INFO - 매수할 코인: KRW-GRT
2024-11-14 13:25:02,486 - INFO - 매수 완료 - 티커: KRW-GRT
2024-11-14 13:28:13,127 - INFO - KRW-KAVA 매도 실행 - 트렌드: bull, 수익 실현
2024-11-14 13:28:13,208 - INFO - 매도 완료 - 티커: KRW-KAVA, 결과: 42.31원, 수익률: 0.77%
2024-11-14 13:28:23,386 - INFO - 매수할 코인: KRW-STEEM
2024-11-14 13:28:23,491 - INFO - 매수 완료 - 티커: KRW-STEEM
2024-11-14 13:28:46,676 - INFO - KRW-GRT 매도 실행 - 트렌드: bull, 손절
2024-11-14 13:28:46,776 - INFO - 매도 완료 - 티커: KRW-GRT, 결과: -42.64원, 수익률: -0.78%
2024-11-14 13:28:58,315 - INFO - 매수할 코인: KRW-AUCTION
2024-11-14 13:28:58,395 - INFO - 매수 완료 - 티커: KRW-AUCTION
2024-11-14 13:31:00,476 - INFO - KRW-STG 매도 실행 - 트렌드: bull, 손절
2024-11-14 13:31:00,575 - INFO - 매도 완료 - 티커: KRW-STG, 결과: -37.76원, 수익률: -0.69%
2024-11-14 13:31:12,890 - INFO - 매수할 코인: KRW-STG
2024-11-14 13:31:12,976 - INFO - 매수 완료 - 티커: KRW-STG
2024-11-14 13:32:18,563 - INFO - KRW-JUP 매도 실행 - 트렌드: bear, 손절
2024-11-14 13:32:18,690 - INFO - 매도 완료 - 티커: KRW-JUP, 결과: -74.81원, 수익률: -1.36%
2024-11-14 13:32:21,248 - INFO - 매수할 코인: KRW-APT
2024-11-14 13:32:21,348 - INFO - 매수 완료 - 티커: KRW-APT
2024-11-14 13:34:43,701 - INFO - KRW-SNT 매도 실행 - 트렌드: bear, 손절
2024-11-14 13:34:43,772 - INFO - 매도 완료 - 티커: KRW-SNT, 결과: -74.65원, 수익률: -1.36%
2024-11-14 13:34:47,069 - INFO - 매수할 코인: KRW-CTC
2024-11-14 13:34:47,158 - INFO - 매수 완료 - 티커: KRW-CTC
2024-11-14 13:36:57,451 - INFO - KRW-SHIB 매도 실행 - 트렌드: bull, 수익 실현
2024-11-14 13:36:57,537 - INFO - 매도 완료 - 티커: KRW-SHIB, 결과: 40.98원, 수익률: 0.75%
2024-11-14 13:37:01,905 - INFO - 매수할 코인: KRW-IMX
2024-11-14 13:37:02,020 - INFO - 매수 완료 - 티커: KRW-IMX
2024-11-14 13:37:08,701 - INFO - KRW-MINA 매도 실행 - 트렌드: bear, 수익 실현
2024-11-14 13:37:08,778 - INFO - 매도 완료 - 티커: KRW-MINA, 결과: 30.22원, 수익률: 0.55%
2024-11-14 13:37:14,797 - INFO - 매수할 코인: KRW-MINA
2024-11-14 13:37:14,897 - INFO - 매수 완료 - 티커: KRW-MINA
2024-11-14 13:37:19,931 - INFO - KRW-APT 매도 실행 - 트렌드: bear, 수익 실현
2024-11-14 13:37:20,006 - INFO - 매도 완료 - 티커: KRW-APT, 결과: 26.47원, 수익률: 0.48%
2024-11-14 13:37:27,511 - INFO - 매수할 코인: KRW-AKT
2024-11-14 13:37:27,616 - INFO - 매수 완료 - 티커: KRW-AKT
2024-11-14 13:38:04,621 - INFO - KRW-SUI 매도 실행 - 트렌드: bear, 손절
2024-11-14 13:38:04,698 - INFO - 매도 완료 - 티커: KRW-SUI, 결과: -58.52원, 수익률: -1.06%
2024-11-14 13:38:13,614 - INFO - 매수할 코인: KRW-TAIKO
2024-11-14 13:38:13,683 - INFO - 매수 완료 - 티커: KRW-TAIKO
2024-11-14 13:38:15,848 - INFO - KRW-STG 매도 실행 - 트렌드: bear, 수익 실현
2024-11-14 13:38:15,937 - INFO - 매도 완료 - 티커: KRW-STG, 결과: 12.61원, 수익률: 0.23%
2024-11-14 13:38:51,382 - INFO - 매수할 코인: KRW-MEW
2024-11-14 13:38:51,470 - INFO - 매수 완료 - 티커: KRW-MEW
2024-11-14 13:39:33,964 - INFO - KRW-ATH 매도 실행 - 트렌드: bull, 수익 실현
2024-11-14 13:39:34,045 - INFO - 매도 완료 - 티커: KRW-ATH, 결과: 42.57원, 수익률: 0.77%
2024-11-14 13:39:37,469 - INFO - 매수할 코인: KRW-SUI
2024-11-14 13:39:37,569 - INFO - 매수 완료 - 티커: KRW-SUI
2024-11-14 13:40:40,937 - INFO - KRW-WAVES 매도 실행 - 트렌드: bull, 손절
2024-11-14 13:40:41,011 - INFO - 매도 완료 - 티커: KRW-WAVES, 결과: -30.30원, 수익률: -0.55%
2024-11-14 13:40:45,708 - INFO - 매수할 코인: KRW-SNT
2024-11-14 13:40:45,819 - INFO - 매수 완료 - 티커: KRW-SNT
2024-11-14 13:42:43,633 - INFO - KRW-AUCTION 매도 실행 - 트렌드: bear, 수익 실현
2024-11-14 13:42:43,727 - INFO - 매도 완료 - 티커: KRW-AUCTION, 결과: 27.61원, 수익률: 0.50%
2024-11-14 13:42:49,310 - INFO - 매수할 코인: KRW-AUCTION
2024-11-14 13:42:49,410 - INFO - 매수 완료 - 티커: KRW-AUCTION
2024-11-14 13:43:06,027 - INFO - KRW-MASK 매도 실행 - 트렌드: bear, 수익 실현
2024-11-14 13:43:06,126 - INFO - 매도 완료 - 티커: KRW-MASK, 결과: 38.03원, 수익률: 0.69%
2024-11-14 13:43:13,259 - INFO - 매수할 코인: KRW-WAVES
2024-11-14 13:43:13,343 - INFO - 매수 완료 - 티커: KRW-WAVES
2024-11-14 13:43:28,436 - INFO - KRW-CTC 매도 실행 - 트렌드: bear, 손절
2024-11-14 13:43:28,519 - INFO - 매도 완료 - 티커: KRW-CTC, 결과: -146.98원, 수익률: -2.67%
2024-11-14 13:43:37,202 - INFO - 매수할 코인: KRW-ID
2024-11-14 13:43:37,308 - INFO - 매수 완료 - 티커: KRW-ID
2024-11-14 13:43:50,839 - INFO - KRW-T 매도 실행 - 트렌드: bear, 수익 실현
2024-11-14 13:43:50,933 - INFO - 매도 완료 - 티커: KRW-T, 결과: 18.95원, 수익률: 0.34%
2024-11-14 13:44:01,123 - INFO - 매수할 코인: KRW-STG
2024-11-14 13:44:01,221 - INFO - 매수 완료 - 티커: KRW-STG
2024-11-14 13:44:46,691 - INFO - KRW-ARB 매도 실행 - 트렌드: bull, 수익 실현
2024-11-14 13:44:46,771 - INFO - 매도 완료 - 티커: KRW-ARB, 결과: 45.57원, 수익률: 0.83%
2024-11-14 13:45:08,993 - INFO - KRW-SEI 매도 실행 - 트렌드: bear, 수익 실현
2024-11-14 13:45:09,096 - INFO - 매도 완료 - 티커: KRW-SEI, 결과: 34.21원, 수익률: 0.62%
2024-11-14 13:45:42,590 - INFO - KRW-ZETA 매도 실행 - 트렌드: bull, 수익 실현
2024-11-14 13:45:42,701 - INFO - 매도 완료 - 티커: KRW-ZETA, 결과: 45.66원, 수익률: 0.83%
2024-11-14 13:46:16,196 - INFO - KRW-ZRO 매도 실행 - 트렌드: bull, 수익 실현
2024-11-14 13:46:16,293 - INFO - 매도 완료 - 티커: KRW-ZRO, 결과: 31.82원, 수익률: 0.58%
2024-11-14 13:46:26,670 - INFO - 매수할 코인: KRW-CTC
2024-11-14 13:46:26,769 - INFO - 매수 완료 - 티커: KRW-CTC
2024-11-14 13:46:51,975 - INFO - 매수할 코인: KRW-ARDR
2024-11-14 13:46:52,059 - INFO - 매수 완료 - 티커: KRW-ARDR
2024-11-14 13:47:04,616 - INFO - 매수할 코인: KRW-ENS
2024-11-14 13:47:04,696 - INFO - 매수 완료 - 티커: KRW-ENS
2024-11-14 13:48:07,539 - INFO - 매수할 코인: KRW-GRT
2024-11-14 13:48:07,621 - INFO - 매수 완료 - 티커: KRW-GRT
2024-11-14 13:48:41,030 - INFO - KRW-MTL 매도 실행 - 트렌드: bull, 수익 실현
2024-11-14 13:48:41,145 - INFO - 매도 완료 - 티커: KRW-MTL, 결과: 40.28원, 수익률: 0.73%
2024-11-14 13:49:03,482 - INFO - KRW-SNT 매도 실행 - 트렌드: bear, 수익 실현
2024-11-14 13:49:03,594 - INFO - 매도 완료 - 티커: KRW-SNT, 결과: 36.41원, 수익률: 0.66%
2024-11-14 13:49:59,271 - INFO - KRW-CELO 매도 실행 - 트렌드: bull, 수익 실현
2024-11-14 13:49:59,375 - INFO - 매도 완료 - 티커: KRW-CELO, 결과: 47.26원, 수익률: 0.86%
2024-11-14 13:50:10,531 - INFO - KRW-AUCTION 매도 실행 - 트렌드: bull, 수익 실현
2024-11-14 13:50:10,629 - INFO - 매도 완료 - 티커: KRW-AUCTION, 결과: 85.04원, 수익률: 1.55%
2024-11-14 13:50:32,840 - INFO - KRW-IMX 매도 실행 - 트렌드: bull, 수익 실현
2024-11-14 13:50:32,954 - INFO - 매도 완료 - 티커: KRW-IMX, 결과: 34.03원, 수익률: 0.62%
2024-11-14 13:50:34,462 - INFO - 매수할 코인: KRW-MASK
2024-11-14 13:50:34,557 - INFO - 매수 완료 - 티커: KRW-MASK
2024-11-14 13:50:47,423 - INFO - 매수할 코인: KRW-XLM
2024-11-14 13:50:47,520 - INFO - 매수 완료 - 티커: KRW-XLM
2024-11-14 13:50:55,296 - INFO - KRW-CTC 매도 실행 - 트렌드: bear, 수익 실현
2024-11-14 13:50:55,388 - INFO - 매도 완료 - 티커: KRW-CTC, 결과: 43.43원, 수익률: 0.79%
2024-11-14 13:51:06,550 - INFO - KRW-EGLD 매도 실행 - 트렌드: bull, 수익 실현
2024-11-14 13:51:06,666 - INFO - 매도 완료 - 티커: KRW-EGLD, 결과: 35.50원, 수익률: 0.65%
2024-11-14 13:51:29,001 - INFO - KRW-MINA 매도 실행 - 트렌드: bull, 수익 실현
2024-11-14 13:51:29,097 - INFO - 매도 완료 - 티커: KRW-MINA, 결과: 42.08원, 수익률: 0.77%
2024-11-14 13:51:38,574 - INFO - 매수할 코인: KRW-ALGO
2024-11-14 13:51:38,688 - INFO - 매수 완료 - 티커: KRW-ALGO
2024-11-14 13:51:38,815 - INFO - 매수할 코인: KRW-CELO
2024-11-14 13:51:38,933 - INFO - 매수 완료 - 티커: KRW-CELO
2024-11-14 13:51:40,266 - INFO - KRW-ASTR 매도 실행 - 트렌드: bull, 수익 실현
2024-11-14 13:51:40,390 - INFO - 매도 완료 - 티커: KRW-ASTR, 결과: 31.96원, 수익률: 0.58%
2024-11-14 13:52:04,366 - INFO - 매수할 코인: KRW-FCT2
2024-11-14 13:52:04,472 - INFO - 매수 완료 - 티커: KRW-FCT2
2024-11-14 13:52:29,774 - INFO - 매수할 코인: KRW-CTC
2024-11-14 13:52:29,885 - INFO - 매수 완료 - 티커: KRW-CTC
2024-11-14 13:52:36,095 - INFO - KRW-MNT 매도 실행 - 트렌드: bull, 수익 실현
2024-11-14 13:52:36,196 - INFO - 매도 완료 - 티커: KRW-MNT, 결과: 56.86원, 수익률: 1.03%
2024-11-14 13:52:47,355 - INFO - KRW-AKT 매도 실행 - 트렌드: bull, 수익 실현
2024-11-14 13:52:47,473 - INFO - 매도 완료 - 티커: KRW-AKT, 결과: 39.83원, 수익률: 0.72%
2024-11-14 13:53:09,856 - INFO - KRW-TAIKO 매도 실행 - 트렌드: bull, 수익 실현
2024-11-14 13:53:09,968 - INFO - 매도 완료 - 티커: KRW-TAIKO, 결과: 34.51원, 수익률: 0.63%
2024-11-14 13:53:21,126 - INFO - KRW-BLAST 매도 실행 - 트렌드: bull, 수익 실현
2024-11-14 13:53:21,223 - INFO - 매도 완료 - 티커: KRW-BLAST, 결과: 43.31원, 수익률: 0.79%
2024-11-14 13:53:43,412 - INFO - KRW-MEW 매도 실행 - 트렌드: bull, 수익 실현
2024-11-14 13:53:43,503 - INFO - 매도 완료 - 티커: KRW-MEW, 결과: 38.71원, 수익률: 0.70%
2024-11-14 13:55:01,379 - INFO - KRW-LSK 매도 실행 - 트렌드: bull, 수익 실현
2024-11-14 13:55:01,477 - INFO - 매도 완료 - 티커: KRW-LSK, 결과: 37.27원, 수익률: 0.68%
2024-11-14 13:55:23,783 - INFO - KRW-ARDR 매도 실행 - 트렌드: bull, 수익 실현
2024-11-14 13:55:23,877 - INFO - 매도 완료 - 티커: KRW-ARDR, 결과: 29.39원, 수익률: 0.53%
2024-11-14 13:56:30,321 - INFO - 매수할 코인: KRW-LOOM
2024-11-14 13:56:30,418 - INFO - 매수 완료 - 티커: KRW-LOOM
2024-11-14 13:56:43,047 - INFO - 매수할 코인: KRW-SEI
2024-11-14 13:56:43,150 - INFO - 매수 완료 - 티커: KRW-SEI
2024-11-14 13:56:52,842 - INFO - KRW-STX 매도 실행 - 트렌드: bull, 수익 실현
2024-11-14 13:56:52,931 - INFO - 매도 완료 - 티커: KRW-STX, 결과: 40.32원, 수익률: 0.73%
2024-11-14 13:56:55,947 - INFO - 매수할 코인: KRW-BLUR
2024-11-14 13:56:56,059 - INFO - 매수 완료 - 티커: KRW-BLUR
2024-11-14 13:57:15,258 - INFO - KRW-GRT 매도 실행 - 트렌드: bull, 수익 실현
2024-11-14 13:57:15,341 - INFO - 매도 완료 - 티커: KRW-GRT, 결과: 42.64원, 수익률: 0.78%
2024-11-14 13:57:21,589 - INFO - 매수할 코인: KRW-GRT
2024-11-14 13:57:21,687 - INFO - 매수 완료 - 티커: KRW-GRT
2024-11-14 13:57:26,511 - INFO - KRW-XEC 매도 실행 - 트렌드: bull, 수익 실현
2024-11-14 13:57:26,577 - INFO - 매도 완료 - 티커: KRW-XEC, 결과: 58.19원, 수익률: 1.06%
2024-11-14 13:58:22,145 - INFO - KRW-BLUR 매도 실행 - 트렌드: bull, 수익 실현
2024-11-14 13:58:22,234 - INFO - 매도 완료 - 티커: KRW-BLUR, 결과: 48.67원, 수익률: 0.88%
2024-11-14 13:58:24,451 - INFO - 매수할 코인: KRW-MNT
2024-11-14 13:58:24,551 - INFO - 매수 완료 - 티커: KRW-MNT
2024-11-14 13:58:37,093 - INFO - 매수할 코인: KRW-WAVES
2024-11-14 13:58:37,155 - INFO - 매수 완료 - 티커: KRW-WAVES
2024-11-14 13:58:49,960 - INFO - 매수할 코인: KRW-IMX
2024-11-14 13:58:50,062 - INFO - 매수 완료 - 티커: KRW-IMX
2024-11-14 13:58:55,712 - INFO - KRW-ID 매도 실행 - 트렌드: bull, 수익 실현
2024-11-14 13:58:55,805 - INFO - 매도 완료 - 티커: KRW-ID, 결과: 53.06원, 수익률: 0.96%
2024-11-14 13:59:06,980 - INFO - KRW-BEAM 매도 실행 - 트렌드: bull, 수익 실현
2024-11-14 13:59:07,083 - INFO - 매도 완료 - 티커: KRW-BEAM, 결과: 54.20원, 수익률: 0.99%
2024-11-14 13:59:15,589 - INFO - 매수할 코인: KRW-APT
2024-11-14 13:59:15,694 - INFO - 매수 완료 - 티커: KRW-APT
2024-11-14 13:59:41,165 - INFO - 매수할 코인: KRW-SHIB
2024-11-14 13:59:41,256 - INFO - 매수 완료 - 티커: KRW-SHIB
2024-11-14 14:00:06,541 - INFO - 매수할 코인: KRW-TAIKO
2024-11-14 14:00:06,645 - INFO - 매수 완료 - 티커: KRW-TAIKO
2024-11-14 14:00:19,208 - INFO - 매수할 코인: KRW-JUP
2024-11-14 14:00:19,284 - INFO - 매수 완료 - 티커: KRW-JUP
2024-11-14 14:00:36,155 - INFO - KRW-QTUM 매도 실행 - 트렌드: bull, 수익 실현
2024-11-14 14:00:36,246 - INFO - 매도 완료 - 티커: KRW-QTUM, 결과: 66.06원, 수익률: 1.20%
2024-11-14 14:01:35,327 - INFO - 매수할 코인: KRW-BEAM
2024-11-14 14:01:35,410 - INFO - 매수 완료 - 티커: KRW-BEAM
2024-11-14 14:01:35,535 - INFO - 매수할 코인: KRW-ZRO
2024-11-14 14:01:35,638 - INFO - 매수 완료 - 티커: KRW-ZRO
2024-11-14 14:02:13,440 - INFO - 매수할 코인: KRW-EGLD
2024-11-14 14:02:13,544 - INFO - 매수 완료 - 티커: KRW-EGLD
2024-11-14 14:02:13,695 - INFO - 매수할 코인: KRW-ARB
2024-11-14 14:02:13,790 - INFO - 매수 완료 - 티커: KRW-ARB
2024-11-14 14:02:26,578 - INFO - 매수할 코인: KRW-QTUM
2024-11-14 14:02:26,675 - INFO - 매수 완료 - 티커: KRW-QTUM
2024-11-14 14:03:34,627 - INFO - KRW-SUI 매도 실행 - 트렌드: bull, 수익 실현
2024-11-14 14:03:34,725 - INFO - 매도 완료 - 티커: KRW-SUI, 결과: 48.59원, 수익률: 0.88%
2024-11-14 14:03:42,730 - INFO - 매수할 코인: KRW-PYTH
2024-11-14 14:03:42,814 - INFO - 매수 완료 - 티커: KRW-PYTH
2024-11-14 14:04:20,382 - INFO - 매수할 코인: KRW-AUCTION
2024-11-14 14:04:20,469 - INFO - 매수 완료 - 티커: KRW-AUCTION
2024-11-14 14:04:45,463 - INFO - 매수할 코인: KRW-PENDLE
2024-11-14 14:04:45,567 - INFO - 매수 완료 - 티커: KRW-PENDLE
2024-11-14 14:05:11,039 - INFO - 매수할 코인: KRW-LSK
2024-11-14 14:05:11,150 - INFO - 매수 완료 - 티커: KRW-LSK
2024-11-14 14:05:14,824 - INFO - KRW-WAVES 매도 실행 - 트렌드: bull, 수익 실현
2024-11-14 14:05:14,922 - INFO - 매도 완료 - 티커: KRW-WAVES, 결과: 36.12원, 수익률: 0.66%
2024-11-14 14:05:36,618 - INFO - 매수할 코인: KRW-T
2024-11-14 14:05:36,745 - INFO - 매수 완료 - 티커: KRW-T
2024-11-14 14:05:49,390 - INFO - 매수할 코인: KRW-AKT
2024-11-14 14:05:49,471 - INFO - 매수 완료 - 티커: KRW-AKT
2024-11-14 14:06:43,931 - INFO - KRW-FCT2 매도 실행 - 트렌드: bull, 수익 실현
2024-11-14 14:06:44,029 - INFO - 매도 완료 - 티커: KRW-FCT2, 결과: 48.06원, 수익률: 0.87%
2024-11-14 14:06:46,368 - INFO - 매수할 코인: KRW-ZETA
2024-11-14 14:06:46,478 - INFO - 매수 완료 - 티커: KRW-ZETA
2024-11-14 14:06:55,171 - INFO - KRW-CELO 매도 실행 - 트렌드: bull, 수익 실현
2024-11-14 14:06:55,271 - INFO - 매도 완료 - 티커: KRW-CELO, 결과: 29.29원, 수익률: 0.53%
2024-11-14 14:06:59,046 - INFO - 매수할 코인: KRW-G
2024-11-14 14:06:59,153 - INFO - 매수 완료 - 티커: KRW-G
2024-11-14 14:08:02,159 - INFO - KRW-CTC 매도 실행 - 트렌드: bull, 수익 실현
2024-11-14 14:08:02,233 - INFO - 매도 완료 - 티커: KRW-CTC, 결과: 107.37원, 수익률: 1.95%
2024-11-14 14:08:19,566 - INFO - 매수할 코인: KRW-MTL
2024-11-14 14:08:19,652 - INFO - 매수 완료 - 티커: KRW-MTL
2024-11-14 14:12:01,241 - INFO - 유효한 티커 리스트 갱신
2024-11-14 14:13:47,867 - INFO - KRW-MASK 매도 실행 - 트렌드: bull, 수익 실현
2024-11-14 14:13:47,981 - INFO - 매도 완료 - 티커: KRW-MASK, 결과: 79.36원, 수익률: 1.44%
2024-11-14 14:13:53,828 - INFO - 매수할 코인: KRW-NEO
2024-11-14 14:13:53,912 - INFO - 매수 완료 - 티커: KRW-NEO
2024-11-14 14:18:49,176 - INFO - KRW-XEM 매도 실행 - 트렌드: bull, 수익 실현
2024-11-14 14:18:49,291 - INFO - 매도 완료 - 티커: KRW-XEM, 결과: 38.52원, 수익률: 0.70%
2024-11-14 14:18:54,654 - INFO - 매수할 코인: KRW-WAVES
2024-11-14 14:18:54,739 - INFO - 매수 완료 - 티커: KRW-WAVES
2024-11-14 14:22:21,168 - INFO - KRW-G 매도 실행 - 트렌드: bear, 수익 실현
2024-11-14 14:22:21,267 - INFO - 매도 완료 - 티커: KRW-G, 결과: 22.15원, 수익률: 0.40%
2024-11-14 14:22:26,984 - INFO - 매수할 코인: KRW-SNT
2024-11-14 14:22:27,069 - INFO - 매수 완료 - 티커: KRW-SNT
2024-11-14 14:22:32,443 - INFO - KRW-BLUR 매도 실행 - 트렌드: bear, 수익 실현
2024-11-14 14:22:32,544 - INFO - 매도 완료 - 티커: KRW-BLUR, 결과: 16.08원, 수익률: 0.29%
2024-11-14 14:22:40,015 - INFO - 매수할 코인: KRW-XEM
2024-11-14 14:22:40,117 - INFO - 매수 완료 - 티커: KRW-XEM
2024-11-14 14:22:43,714 - INFO - KRW-ARB 매도 실행 - 트렌드: bear, 수익 실현
2024-11-14 14:22:43,814 - INFO - 매도 완료 - 티커: KRW-ARB, 결과: 14.22원, 수익률: 0.26%
2024-11-14 14:22:53,015 - INFO - 매수할 코인: KRW-MASK
2024-11-14 14:22:53,124 - INFO - 매수 완료 - 티커: KRW-MASK
2024-11-14 14:22:54,986 - INFO - KRW-STG 매도 실행 - 트렌드: bear, 수익 실현
2024-11-14 14:22:55,086 - INFO - 매도 완료 - 티커: KRW-STG, 결과: 25.06원, 수익률: 0.46%
2024-11-14 14:23:05,832 - INFO - 매수할 코인: KRW-STG
2024-11-14 14:23:05,921 - INFO - 매수 완료 - 티커: KRW-STG
2024-11-14 14:24:01,860 - INFO - KRW-BEAM 매도 실행 - 트렌드: bear, 수익 실현
2024-11-14 14:24:01,928 - INFO - 매도 완료 - 티커: KRW-BEAM, 결과: 36.46원, 수익률: 0.66%
2024-11-14 14:24:14,073 - INFO - 매수할 코인: KRW-BLUR
2024-11-14 14:24:14,165 - INFO - 매수 완료 - 티커: KRW-BLUR
2024-11-14 14:25:53,294 - INFO - KRW-WAVES 매도 실행 - 트렌드: bull, 수익 실현
2024-11-14 14:25:53,378 - INFO - 매도 완료 - 티커: KRW-WAVES, 결과: 35.73원, 수익률: 0.65%
2024-11-14 14:25:55,623 - INFO - 매수할 코인: KRW-ARDR
2024-11-14 14:25:55,721 - INFO - 매수 완료 - 티커: KRW-ARDR
2024-11-14 14:27:22,609 - INFO - KRW-XLM 매도 실행 - 트렌드: bear, 수익 실현
2024-11-14 14:27:22,695 - INFO - 매도 완료 - 티커: KRW-XLM, 결과: 15.59원, 수익률: 0.28%
2024-11-14 14:27:26,052 - INFO - 매수할 코인: KRW-WAVES
2024-11-14 14:27:26,154 - INFO - 매수 완료 - 티커: KRW-WAVES
2024-11-14 14:29:03,026 - INFO - KRW-EGLD 매도 실행 - 트렌드: bull, 수익 실현
2024-11-14 14:29:03,113 - INFO - 매도 완료 - 티커: KRW-EGLD, 결과: 40.46원, 수익률: 0.74%
2024-11-14 14:29:07,740 - INFO - 매수할 코인: KRW-CELO
2024-11-14 14:29:07,850 - INFO - 매수 완료 - 티커: KRW-CELO
2024-11-14 14:29:47,715 - INFO - KRW-APT 매도 실행 - 트렌드: bull, 수익 실현
2024-11-14 14:29:47,817 - INFO - 매도 완료 - 티커: KRW-APT, 결과: 35.71원, 수익률: 0.65%
2024-11-14 14:29:53,606 - INFO - 매수할 코인: KRW-BEAM
2024-11-14 14:29:53,689 - INFO - 매수 완료 - 티커: KRW-BEAM
2024-11-14 14:30:21,268 - INFO - KRW-SEI 매도 실행 - 트렌드: bull, 수익 실현
2024-11-14 14:30:21,360 - INFO - 매도 완료 - 티커: KRW-SEI, 결과: 76.39원, 수익률: 1.39%
2024-11-14 14:30:41,189 - INFO - 매수할 코인: KRW-ASTR
2024-11-14 14:30:41,294 - INFO - 매수 완료 - 티커: KRW-ASTR
2024-11-14 14:31:05,970 - INFO - KRW-ZETA 매도 실행 - 트렌드: bull, 수익 실현
2024-11-14 14:31:06,041 - INFO - 매도 완료 - 티커: KRW-ZETA, 결과: 32.93원, 수익률: 0.60%
2024-11-14 14:31:41,415 - INFO - 매수할 코인: KRW-VET
2024-11-14 14:31:41,498 - INFO - 매수 완료 - 티커: KRW-VET
2024-11-14 14:32:57,516 - INFO - KRW-WAVES 매도 실행 - 트렌드: bull, 수익 실현
2024-11-14 14:32:57,626 - INFO - 매도 완료 - 티커: KRW-WAVES, 결과: 32.65원, 수익률: 0.59%
2024-11-14 14:33:00,647 - INFO - 매수할 코인: KRW-WAVES
2024-11-14 14:33:00,733 - INFO - 매수 완료 - 티커: KRW-WAVES
2024-11-14 14:34:38,066 - INFO - KRW-LOOM 매도 실행 - 트렌드: bull, 수익 실현
2024-11-14 14:34:38,172 - INFO - 매도 완료 - 티커: KRW-LOOM, 결과: 28.42원, 수익률: 0.52%
2024-11-14 14:35:07,044 - INFO - 매수할 코인: KRW-XLM
2024-11-14 14:35:07,152 - INFO - 매수 완료 - 티커: KRW-XLM
2024-11-14 14:35:11,510 - INFO - KRW-ALGO 매도 실행 - 트렌드: bull, 수익 실현
2024-11-14 14:35:11,614 - INFO - 매도 완료 - 티커: KRW-ALGO, 결과: 52.63원, 수익률: 0.96%
2024-11-14 14:35:33,914 - INFO - KRW-GRT 매도 실행 - 트렌드: bull, 수익 실현
2024-11-14 14:35:33,995 - INFO - 매도 완료 - 티커: KRW-GRT, 결과: 42.31원, 수익률: 0.77%
2024-11-14 14:35:53,278 - INFO - 매수할 코인: KRW-G
2024-11-14 14:35:53,351 - INFO - 매수 완료 - 티커: KRW-G
2024-11-14 14:35:53,481 - INFO - 매수할 코인: KRW-BIGTIME
2024-11-14 14:35:53,555 - INFO - 매수 완료 - 티커: KRW-BIGTIME
2024-11-14 14:35:56,284 - INFO - KRW-MASK 매도 실행 - 트렌드: bull, 수익 실현
2024-11-14 14:35:56,364 - INFO - 매도 완료 - 티커: KRW-MASK, 결과: 45.31원, 수익률: 0.82%
2024-11-14 14:36:06,135 - INFO - 매수할 코인: KRW-ZETA
2024-11-14 14:36:06,231 - INFO - 매수 완료 - 티커: KRW-ZETA
2024-11-14 14:37:14,483 - INFO - KRW-BLUR 매도 실행 - 트렌드: bull, 수익 실현
2024-11-14 14:37:14,575 - INFO - 매도 완료 - 티커: KRW-BLUR, 결과: 64.14원, 수익률: 1.17%
2024-11-14 14:37:25,414 - INFO - 매수할 코인: KRW-BLAST
2024-11-14 14:37:25,518 - INFO - 매수 완료 - 티커: KRW-BLAST
2024-11-14 14:38:21,325 - INFO - KRW-TAIKO 매도 실행 - 트렌드: bull, 수익 실현
2024-11-14 14:38:21,434 - INFO - 매도 완료 - 티커: KRW-TAIKO, 결과: 28.95원, 수익률: 0.53%
2024-11-14 14:38:33,479 - INFO - 매수할 코인: KRW-TAIKO
2024-11-14 14:38:33,587 - INFO - 매수 완료 - 티커: KRW-TAIKO
2024-11-14 14:39:05,980 - INFO - KRW-USDC 매도 실행 - 트렌드: bull, 손절
2024-11-14 14:39:06,092 - INFO - 매도 완료 - 티커: KRW-USDC, 결과: -34.62원, 수익률: -0.63%
2024-11-14 14:39:08,550 - INFO - 매수할 코인: KRW-GRT
2024-11-14 14:39:08,674 - INFO - 매수 완료 - 티커: KRW-GRT
2024-11-14 14:42:49,000 - INFO - KRW-IMX 매도 실행 - 트렌드: bull, 수익 실현
2024-11-14 14:42:49,106 - INFO - 매도 완료 - 티커: KRW-IMX, 결과: 27.59원, 수익률: 0.50%
2024-11-14 14:43:11,402 - INFO - KRW-T 매도 실행 - 트렌드: bear, 수익 실현
2024-11-14 14:43:11,498 - INFO - 매도 완료 - 티커: KRW-T, 결과: 17.10원, 수익률: 0.31%
2024-11-14 14:43:50,008 - INFO - 매수할 코인: KRW-W
2024-11-14 14:43:50,125 - INFO - 매수 완료 - 티커: KRW-W
2024-11-14 14:44:15,199 - INFO - 매수할 코인: KRW-ID
2024-11-14 14:44:15,284 - INFO - 매수 완료 - 티커: KRW-ID
2024-11-14 14:45:14,115 - INFO - KRW-BEAM 매도 실행 - 트렌드: bear, 수익 실현
2024-11-14 14:45:14,205 - INFO - 매도 완료 - 티커: KRW-BEAM, 결과: 26.03원, 수익률: 0.47%
2024-11-14 14:45:23,155 - INFO - 매수할 코인: KRW-BEAM
2024-11-14 14:45:23,229 - INFO - 매수 완료 - 티커: KRW-BEAM
2024-11-14 14:45:25,350 - INFO - KRW-TAIKO 매도 실행 - 트렌드: bull, 수익 실현
2024-11-14 14:45:25,444 - INFO - 매도 완료 - 티커: KRW-TAIKO, 결과: 34.03원, 수익률: 0.62%
2024-11-14 14:45:36,061 - INFO - 매수할 코인: KRW-MASK
2024-11-14 14:45:36,162 - INFO - 매수 완료 - 티커: KRW-MASK
2024-11-14 14:45:47,787 - INFO - KRW-BLAST 매도 실행 - 트렌드: bear, 수익 실현
2024-11-14 14:45:47,898 - INFO - 매도 완료 - 티커: KRW-BLAST, 결과: 17.24원, 수익률: 0.31%
2024-11-14 14:46:00,155 - INFO - 매수할 코인: KRW-ARB
2024-11-14 14:46:00,254 - INFO - 매수 완료 - 티커: KRW-ARB
